#
# There is insufficient memory for the Java Runtime Environment to continue.
# Native memory allocation (malloc) failed to allocate 505296 bytes for Chunk::new
# Possible reasons:
#   The system is out of physical RAM or swap space
#   In 32 bit mode, the process size limit was hit
# Possible solutions:
#   Reduce memory load on the system
#   Increase physical memory or swap space
#   Check if swap backing store is full
#   Use 64 bit Java on a 64 bit OS
#   Decrease Java heap size (-Xmx/-Xms)
#   Decrease number of Java threads
#   Decrease Java thread stack sizes (-Xss)
#   Set larger code cache with -XX:ReservedCodeCacheSize=
# This output file may be truncated or incomplete.
#
#  Out of Memory Error (allocation.cpp:388), pid=4004, tid=10184
#
# JRE version: Java(TM) SE Runtime Environment (8.0_05-b13) (build 1.8.0_05-b13)
# Java VM: Java HotSpot(TM) 64-Bit Server VM (25.5-b02 mixed mode windows-amd64 compressed oops)
# Failed to write core dump. Minidumps are not enabled by default on client versions of Windows
#

---------------  T H R E A D  ---------------

Current thread (0x00000000079b2000):  JavaThread "C2 CompilerThread0" daemon [_thread_in_native, id=10184, stack(0x0000000008fd0000,0x00000000090d0000)]

Stack: [0x0000000008fd0000,0x00000000090d0000]
Native frames: (J=compiled Java code, j=interpreted, Vv=VM code, C=native code)
V  [jvm.dll+0x308dea]


Current CompileTask:
C2:   3208 1079       4       com.android.dx.ssa.SsaMethod::forEachInsn (36 bytes)


---------------  P R O C E S S  ---------------

Java Threads: ( => current thread )
  0x0000000007a4e800 JavaThread "Service Thread" daemon [_thread_blocked, id=10212, stack(0x00000000095a0000,0x00000000096a0000)]
  0x00000000079d3000 JavaThread "C1 CompilerThread3" daemon [_thread_in_native, id=10128, stack(0x0000000009390000,0x0000000009490000)]
  0x00000000079c2000 JavaThread "C2 CompilerThread2" daemon [_thread_in_native, id=7764, stack(0x0000000009290000,0x0000000009390000)]
  0x00000000079b9000 JavaThread "C2 CompilerThread1" daemon [_thread_in_native, id=6228, stack(0x0000000009100000,0x0000000009200000)]
=>0x00000000079b2000 JavaThread "C2 CompilerThread0" daemon [_thread_in_native, id=10184, stack(0x0000000008fd0000,0x00000000090d0000)]
  0x00000000079ad800 JavaThread "Attach Listener" daemon [_thread_blocked, id=1912, stack(0x0000000008c90000,0x0000000008d90000)]
  0x00000000079ac800 JavaThread "Signal Dispatcher" daemon [_thread_blocked, id=2476, stack(0x0000000008d90000,0x0000000008e90000)]
  0x00000000064fb000 JavaThread "Finalizer" daemon [_thread_blocked, id=3404, stack(0x00000000088f0000,0x00000000089f0000)]
  0x000000000249f000 JavaThread "Reference Handler" daemon [_thread_blocked, id=6088, stack(0x0000000008b20000,0x0000000008c20000)]
  0x000000000231e000 JavaThread "main" [_thread_in_Java, id=9260, stack(0x00000000026b0000,0x00000000027b0000)]

Other Threads:
  0x000000000249c000 VMThread [stack: 0x0000000008a00000,0x0000000008b00000] [id=3420]
  0x0000000007a4f800 WatcherThread [stack: 0x00000000094a0000,0x00000000095a0000] [id=10180]

VM state:not at safepoint (normal execution)

VM Mutex/Monitor currently owned by a thread: None

Heap:
 PSYoungGen      total 10240K, used 5555K [0x00000000eab00000, 0x00000000eb700000, 0x0000000100000000)
  eden space 8192K, 45% used [0x00000000eab00000,0x00000000eae9cc50,0x00000000eb300000)
  from space 2048K, 90% used [0x00000000eb500000,0x00000000eb6d0018,0x00000000eb700000)
  to   space 2048K, 0% used [0x00000000eb300000,0x00000000eb300000,0x00000000eb500000)
 ParOldGen       total 96768K, used 1897K [0x00000000c0000000, 0x00000000c5e80000, 0x00000000eab00000)
  object space 96768K, 1% used [0x00000000c0000000,0x00000000c01da520,0x00000000c5e80000)
 Metaspace       used 5390K, capacity 5492K, committed 5760K, reserved 1062912K
  class space    used 553K, capacity 616K, committed 640K, reserved 1048576K

Card table byte_map: [0x0000000002b70000,0x0000000002d80000] byte_map_base: 0x0000000002570000

Marking Bits: (ParMarkBitMap*) 0x0000000050a113b0
 Begin Bits: [0x0000000003910000, 0x0000000004910000)
 End Bits:   [0x0000000004910000, 0x0000000005910000)

Polling page: 0x00000000001c0000

CodeCache: size=245760Kb used=4213Kb max_used=4213Kb free=241546Kb
 bounds [0x000000000f010000, 0x000000000f440000, 0x000000001e010000]
 total_blobs=1378 nmethods=1118 adapters=174
 compilation: enabled

Compilation events (10 events):
Event: 3.195 Thread 0x00000000079b9000 1120       4       com.android.dx.ssa.back.LivenessAnalyzer::liveInAtStatement (55 bytes)
Event: 3.195 Thread 0x00000000079d3000 nmethod 1108 0x000000000f42fd10 code [0x000000000f42fe60, 0x000000000f42fff0]
Event: 3.195 Thread 0x00000000079d3000 1100       3       com.android.dx.cf.code.ConcreteMethod::getMaxLocals (8 bytes)
Event: 3.196 Thread 0x00000000079d3000 nmethod 1100 0x000000000f430090 code [0x000000000f4301e0, 0x000000000f4303d0]
Event: 3.196 Thread 0x00000000079d3000 1090       1       com.android.dx.rop.code.LocalItem::getName (5 bytes)
Event: 3.196 Thread 0x00000000079d3000 nmethod 1090 0x000000000f430490 code [0x000000000f4305e0, 0x000000000f4306f0]
Event: 3.196 Thread 0x00000000079d3000 1113       1       com.android.dx.dex.file.DexFile::getFieldIds (5 bytes)
Event: 3.196 Thread 0x00000000079d3000 nmethod 1113 0x000000000f430750 code [0x000000000f4308a0, 0x000000000f4309b0]
Event: 3.196 Thread 0x00000000079d3000 1112       1       com.android.dx.rop.annotation.Annotation::getType (5 bytes)
Event: 3.197 Thread 0x00000000079d3000 nmethod 1112 0x000000000f430a10 code [0x000000000f430b60, 0x000000000f430c70]

GC Heap History (10 events):
Event: 1.158 GC heap before
{Heap before GC invocations=4 (full 0):
 PSYoungGen      total 1536K, used 1536K [0x00000000eab00000, 0x00000000eae00000, 0x0000000100000000)
  eden space 1024K, 100% used [0x00000000eab00000,0x00000000eac00000,0x00000000eac00000)
  from space 512K, 100% used [0x00000000eac00000,0x00000000eac80000,0x00000000eac80000)
  to   space 512K, 0% used [0x00000000ead80000,0x00000000ead80000,0x00000000eae00000)
 ParOldGen       total 96768K, used 459K [0x00000000c0000000, 0x00000000c5e80000, 0x00000000eab00000)
  object space 96768K, 0% used [0x00000000c0000000,0x00000000c0072f20,0x00000000c5e80000)
 Metaspace       used 3555K, capacity 3700K, committed 3840K, reserved 1060864K
  class space    used 396K, capacity 488K, committed 512K, reserved 1048576K
Event: 1.161 GC heap after
Heap after GC invocations=4 (full 0):
 PSYoungGen      total 2560K, used 512K [0x00000000eab00000, 0x00000000eae00000, 0x0000000100000000)
  eden space 2048K, 0% used [0x00000000eab00000,0x00000000eab00000,0x00000000ead00000)
  from space 512K, 100% used [0x00000000ead80000,0x00000000eae00000,0x00000000eae00000)
  to   space 512K, 0% used [0x00000000ead00000,0x00000000ead00000,0x00000000ead80000)
 ParOldGen       total 96768K, used 795K [0x00000000c0000000, 0x00000000c5e80000, 0x00000000eab00000)
  object space 96768K, 0% used [0x00000000c0000000,0x00000000c00c6f08,0x00000000c5e80000)
 Metaspace       used 3555K, capacity 3700K, committed 3840K, reserved 1060864K
  class space    used 396K, capacity 488K, committed 512K, reserved 1048576K
}
Event: 1.409 GC heap before
{Heap before GC invocations=5 (full 0):
 PSYoungGen      total 2560K, used 2560K [0x00000000eab00000, 0x00000000eae00000, 0x0000000100000000)
  eden space 2048K, 100% used [0x00000000eab00000,0x00000000ead00000,0x00000000ead00000)
  from space 512K, 100% used [0x00000000ead80000,0x00000000eae00000,0x00000000eae00000)
  to   space 512K, 0% used [0x00000000ead00000,0x00000000ead00000,0x00000000ead80000)
 ParOldGen       total 96768K, used 795K [0x00000000c0000000, 0x00000000c5e80000, 0x00000000eab00000)
  object space 96768K, 0% used [0x00000000c0000000,0x00000000c00c6f08,0x00000000c5e80000)
 Metaspace       used 4241K, capacity 4404K, committed 4736K, reserved 1060864K
  class space    used 467K, capacity 552K, committed 640K, reserved 1048576K
Event: 1.416 GC heap after
Heap after GC invocations=5 (full 0):
 PSYoungGen      total 2560K, used 496K [0x00000000eab00000, 0x00000000eb200000, 0x0000000100000000)
  eden space 2048K, 0% used [0x00000000eab00000,0x00000000eab00000,0x00000000ead00000)
  from space 512K, 96% used [0x00000000ead00000,0x00000000ead7c010,0x00000000ead80000)
  to   space 1536K, 0% used [0x00000000eb080000,0x00000000eb080000,0x00000000eb200000)
 ParOldGen       total 96768K, used 1441K [0x00000000c0000000, 0x00000000c5e80000, 0x00000000eab00000)
  object space 96768K, 1% used [0x00000000c0000000,0x00000000c01684e0,0x00000000c5e80000)
 Metaspace       used 4241K, capacity 4404K, committed 4736K, reserved 1060864K
  class space    used 467K, capacity 552K, committed 640K, reserved 1048576K
}
Event: 1.637 GC heap before
{Heap before GC invocations=6 (full 0):
 PSYoungGen      total 2560K, used 2544K [0x00000000eab00000, 0x00000000eb200000, 0x0000000100000000)
  eden space 2048K, 100% used [0x00000000eab00000,0x00000000ead00000,0x00000000ead00000)
  from space 512K, 96% used [0x00000000ead00000,0x00000000ead7c010,0x00000000ead80000)
  to   space 1536K, 0% used [0x00000000eb080000,0x00000000eb080000,0x00000000eb200000)
 ParOldGen       total 96768K, used 1441K [0x00000000c0000000, 0x00000000c5e80000, 0x00000000eab00000)
  object space 96768K, 1% used [0x00000000c0000000,0x00000000c01684e0,0x00000000c5e80000)
 Metaspace       used 4808K, capacity 4948K, committed 5248K, reserved 1062912K
  class space    used 531K, capacity 584K, committed 640K, reserved 1048576K
Event: 1.653 GC heap after
Heap after GC invocations=6 (full 0):
 PSYoungGen      total 5632K, used 1380K [0x00000000eab00000, 0x00000000eb200000, 0x0000000100000000)
  eden space 4096K, 0% used [0x00000000eab00000,0x00000000eab00000,0x00000000eaf00000)
  from space 1536K, 89% used [0x00000000eb080000,0x00000000eb1d9058,0x00000000eb200000)
  to   space 1536K, 0% used [0x00000000eaf00000,0x00000000eaf00000,0x00000000eb080000)
 ParOldGen       total 96768K, used 1449K [0x00000000c0000000, 0x00000000c5e80000, 0x00000000eab00000)
  object space 96768K, 1% used [0x00000000c0000000,0x00000000c016a4e0,0x00000000c5e80000)
 Metaspace       used 4808K, capacity 4948K, committed 5248K, reserved 1062912K
  class space    used 531K, capacity 584K, committed 640K, reserved 1048576K
}
Event: 2.331 GC heap before
{Heap before GC invocations=7 (full 0):
 PSYoungGen      total 5632K, used 5476K [0x00000000eab00000, 0x00000000eb200000, 0x0000000100000000)
  eden space 4096K, 100% used [0x00000000eab00000,0x00000000eaf00000,0x00000000eaf00000)
  from space 1536K, 89% used [0x00000000eb080000,0x00000000eb1d9058,0x00000000eb200000)
  to   space 1536K, 0% used [0x00000000eaf00000,0x00000000eaf00000,0x00000000eb080000)
 ParOldGen       total 96768K, used 1449K [0x00000000c0000000, 0x00000000c5e80000, 0x00000000eab00000)
  object space 96768K, 1% used [0x00000000c0000000,0x00000000c016a4e0,0x00000000c5e80000)
 Metaspace       used 5218K, capacity 5364K, committed 5504K, reserved 1062912K
  class space    used 553K, capacity 616K, committed 640K, reserved 1048576K
Event: 2.357 GC heap after
Heap after GC invocations=7 (full 0):
 PSYoungGen      total 5632K, used 1344K [0x00000000eab00000, 0x00000000eb700000, 0x0000000100000000)
  eden space 4096K, 0% used [0x00000000eab00000,0x00000000eab00000,0x00000000eaf00000)
  from space 1536K, 87% used [0x00000000eaf00000,0x00000000eb050018,0x00000000eb080000)
  to   space 2048K, 0% used [0x00000000eb500000,0x00000000eb500000,0x00000000eb700000)
 ParOldGen       total 96768K, used 1777K [0x00000000c0000000, 0x00000000c5e80000, 0x00000000eab00000)
  object space 96768K, 1% used [0x00000000c0000000,0x00000000c01bc520,0x00000000c5e80000)
 Metaspace       used 5218K, capacity 5364K, committed 5504K, reserved 1062912K
  class space    used 553K, capacity 616K, committed 640K, reserved 1048576K
}
Event: 2.844 GC heap before
{Heap before GC invocations=8 (full 0):
 PSYoungGen      total 5632K, used 5440K [0x00000000eab00000, 0x00000000eb700000, 0x0000000100000000)
  eden space 4096K, 100% used [0x00000000eab00000,0x00000000eaf00000,0x00000000eaf00000)
  from space 1536K, 87% used [0x00000000eaf00000,0x00000000eb050018,0x00000000eb080000)
  to   space 2048K, 0% used [0x00000000eb500000,0x00000000eb500000,0x00000000eb700000)
 ParOldGen       total 96768K, used 1777K [0x00000000c0000000, 0x00000000c5e80000, 0x00000000eab00000)
  object space 96768K, 1% used [0x00000000c0000000,0x00000000c01bc520,0x00000000c5e80000)
 Metaspace       used 5311K, capacity 5428K, committed 5504K, reserved 1062912K
  class space    used 553K, capacity 616K, committed 640K, reserved 1048576K
Event: 2.851 GC heap after
Heap after GC invocations=8 (full 0):
 PSYoungGen      total 10240K, used 1856K [0x00000000eab00000, 0x00000000eb700000, 0x0000000100000000)
  eden space 8192K, 0% used [0x00000000eab00000,0x00000000eab00000,0x00000000eb300000)
  from space 2048K, 90% used [0x00000000eb500000,0x00000000eb6d0018,0x00000000eb700000)
  to   space 2048K, 0% used [0x00000000eb300000,0x00000000eb300000,0x00000000eb500000)
 ParOldGen       total 96768K, used 1897K [0x00000000c0000000, 0x00000000c5e80000, 0x00000000eab00000)
  object space 96768K, 1% used [0x00000000c0000000,0x00000000c01da520,0x00000000c5e80000)
 Metaspace       used 5311K, capacity 5428K, committed 5504K, reserved 1062912K
  class space    used 553K, capacity 616K, committed 640K, reserved 1048576K
}

Deoptimization events (4 events):
Event: 2.081 Thread 0x000000000231e000 Uncommon trap: reason=class_check action=maybe_recompile pc=0x000000000f250120 method=com.android.dx.ssa.NormalSsaInsn.accept(Lcom/android/dx/ssa/SsaInsn$Visitor;)V @ 9
Event: 2.081 Thread 0x000000000231e000 Uncommon trap: reason=class_check action=maybe_recompile pc=0x000000000f250120 method=com.android.dx.ssa.NormalSsaInsn.accept(Lcom/android/dx/ssa/SsaInsn$Visitor;)V @ 9
Event: 2.081 Thread 0x000000000231e000 Uncommon trap: reason=class_check action=maybe_recompile pc=0x000000000f250120 method=com.android.dx.ssa.NormalSsaInsn.accept(Lcom/android/dx/ssa/SsaInsn$Visitor;)V @ 9
Event: 2.081 Thread 0x000000000231e000 Uncommon trap: reason=class_check action=maybe_recompile pc=0x000000000f250120 method=com.android.dx.ssa.NormalSsaInsn.accept(Lcom/android/dx/ssa/SsaInsn$Visitor;)V @ 9

Internal exceptions (10 events):
Event: 1.922 Thread 0x000000000231e000 Exception <a 'java/security/PrivilegedActionException'> (0x00000000eac5d250) thrown at [D:\re\workspace\8-2-build-windows-amd64-cygwin\jdk8u5\2488\hotspot\src\share\vm\prims\jvm.cpp, line 1248]
Event: 1.932 Thread 0x000000000231e000 Exception <a 'java/security/PrivilegedActionException'> (0x00000000eac61478) thrown at [D:\re\workspace\8-2-build-windows-amd64-cygwin\jdk8u5\2488\hotspot\src\share\vm\prims\jvm.cpp, line 1248]
Event: 1.934 Thread 0x000000000231e000 Exception <a 'java/security/PrivilegedActionException'> (0x00000000eac66ee0) thrown at [D:\re\workspace\8-2-build-windows-amd64-cygwin\jdk8u5\2488\hotspot\src\share\vm\prims\jvm.cpp, line 1248]
Event: 1.936 Thread 0x000000000231e000 Exception <a 'java/security/PrivilegedActionException'> (0x00000000eac6c8a8) thrown at [D:\re\workspace\8-2-build-windows-amd64-cygwin\jdk8u5\2488\hotspot\src\share\vm\prims\jvm.cpp, line 1248]
Event: 1.939 Thread 0x000000000231e000 Exception <a 'java/security/PrivilegedActionException'> (0x00000000eac71988) thrown at [D:\re\workspace\8-2-build-windows-amd64-cygwin\jdk8u5\2488\hotspot\src\share\vm\prims\jvm.cpp, line 1248]
Event: 2.005 Thread 0x000000000231e000 Exception <a 'java/security/PrivilegedActionException'> (0x00000000eacf6478) thrown at [D:\re\workspace\8-2-build-windows-amd64-cygwin\jdk8u5\2488\hotspot\src\share\vm\prims\jvm.cpp, line 1248]
Event: 2.180 Thread 0x000000000231e000 Exception <a 'java/security/PrivilegedActionException'> (0x00000000eadf1998) thrown at [D:\re\workspace\8-2-build-windows-amd64-cygwin\jdk8u5\2488\hotspot\src\share\vm\prims\jvm.cpp, line 1248]
Event: 2.245 Thread 0x000000000231e000 Exception <a 'java/security/PrivilegedActionException'> (0x00000000eae42900) thrown at [D:\re\workspace\8-2-build-windows-amd64-cygwin\jdk8u5\2488\hotspot\src\share\vm\prims\jvm.cpp, line 1248]
Event: 2.250 Thread 0x000000000231e000 Exception <a 'java/security/PrivilegedActionException'> (0x00000000eae4e9f0) thrown at [D:\re\workspace\8-2-build-windows-amd64-cygwin\jdk8u5\2488\hotspot\src\share\vm\prims\jvm.cpp, line 1248]
Event: 3.074 Thread 0x000000000231e000 Exception <a 'java/security/PrivilegedActionException'> (0x00000000eaca25e8) thrown at [D:\re\workspace\8-2-build-windows-amd64-cygwin\jdk8u5\2488\hotspot\src\share\vm\prims\jvm.cpp, line 1248]

Events (10 events):
Event: 2.245 loading class com/android/dx/cf/attrib/AttSignature
Event: 2.245 loading class com/android/dx/cf/attrib/AttSignature done
Event: 2.250 loading class com/android/dx/dex/file/FieldAnnotationStruct
Event: 2.250 loading class com/android/dx/dex/file/FieldAnnotationStruct done
Event: 2.330 Executing VM operation: ParallelGCFailedAllocation
Event: 2.357 Executing VM operation: ParallelGCFailedAllocation done
Event: 2.844 Executing VM operation: ParallelGCFailedAllocation
Event: 2.851 Executing VM operation: ParallelGCFailedAllocation done
Event: 3.073 loading class com/android/dx/cf/code/SwitchList
Event: 3.073 loading class com/android/dx/cf/code/SwitchList done


Dynamic libraries:
0x000000013f9d0000 - 0x000000013fa04000 	C:\Program Files\Java\jdk1.8.0_05\bin\java.exe
0x0000000076f60000 - 0x0000000077109000 	C:\Windows\SYSTEM32\ntdll.dll
0x0000000076e40000 - 0x0000000076f5f000 	C:\Windows\system32\kernel32.dll
0x000007fefcea0000 - 0x000007fefcf0c000 	C:\Windows\system32\KERNELBASE.dll
0x000007fefd280000 - 0x000007fefd35b000 	C:\Windows\system32\ADVAPI32.dll
0x000007fefd610000 - 0x000007fefd6af000 	C:\Windows\system32\msvcrt.dll
0x000007fefd9a0000 - 0x000007fefd9bf000 	C:\Windows\SYSTEM32\sechost.dll
0x000007fefd150000 - 0x000007fefd27d000 	C:\Windows\system32\RPCRT4.dll
0x0000000076d40000 - 0x0000000076e3a000 	C:\Windows\system32\USER32.dll
0x000007fefdbe0000 - 0x000007fefdc47000 	C:\Windows\system32\GDI32.dll
0x000007feff260000 - 0x000007feff26e000 	C:\Windows\system32\LPK.dll
0x000007fefdff0000 - 0x000007fefe0b9000 	C:\Windows\system32\USP10.dll
0x000007fefb760000 - 0x000007fefb954000 	C:\Windows\WinSxS\amd64_microsoft.windows.common-controls_6595b64144ccf1df_6.0.7601.17514_none_fa396087175ac9ac\COMCTL32.dll
0x000007fefdcd0000 - 0x000007fefdd41000 	C:\Windows\system32\SHLWAPI.dll
0x000007fefd6b0000 - 0x000007fefd6de000 	C:\Windows\system32\IMM32.DLL
0x000007fefdd50000 - 0x000007fefde59000 	C:\Windows\system32\MSCTF.dll
0x000007fefcce0000 - 0x000007fefcd12000 	C:\Windows\system32\nvinitx.dll
0x000000000f000000 - 0x000000000f006000 	C:\Program Files\NVIDIA Corporation\CoProcManager\detoured.dll
0x000007fef9af0000 - 0x000007fef9b23000 	C:\Program Files\NVIDIA Corporation\CoProcManager\nvd3d9wrapx.dll
0x000007fefe0c0000 - 0x000007fefe297000 	C:\Windows\system32\SETUPAPI.dll
0x000007fefce50000 - 0x000007fefce86000 	C:\Windows\system32\CFGMGR32.dll
0x000007fefdf10000 - 0x000007fefdfe7000 	C:\Windows\system32\OLEAUT32.dll
0x000007fefd730000 - 0x000007fefd933000 	C:\Windows\system32\ole32.dll
0x000007fefce20000 - 0x000007fefce3a000 	C:\Windows\system32\DEVOBJ.dll
0x000007fef9750000 - 0x000007fef9773000 	C:\Program Files\NVIDIA Corporation\CoProcManager\nvdxgiwrapx.dll
0x0000000054f00000 - 0x0000000054fd2000 	C:\Program Files\Java\jdk1.8.0_05\jre\bin\msvcr100.dll
0x0000000050260000 - 0x0000000050a8a000 	C:\Program Files\Java\jdk1.8.0_05\jre\bin\server\jvm.dll
0x000007fef4040000 - 0x000007fef4049000 	C:\Windows\system32\WSOCK32.dll
0x000007fefd6e0000 - 0x000007fefd72d000 	C:\Windows\system32\WS2_32.dll
0x000007fefdf00000 - 0x000007fefdf08000 	C:\Windows\system32\NSI.dll
0x000007fef9670000 - 0x000007fef96ab000 	C:\Windows\system32\WINMM.dll
0x0000000077130000 - 0x0000000077137000 	C:\Windows\system32\PSAPI.DLL
0x0000000073820000 - 0x000000007382f000 	C:\Program Files\Java\jdk1.8.0_05\jre\bin\verify.dll
0x0000000069610000 - 0x0000000069638000 	C:\Program Files\Java\jdk1.8.0_05\jre\bin\java.dll
0x0000000073800000 - 0x0000000073816000 	C:\Program Files\Java\jdk1.8.0_05\jre\bin\zip.dll
0x000007fefe4d0000 - 0x000007feff258000 	C:\Windows\system32\SHELL32.dll
0x000007fefcd20000 - 0x000007fefcd2f000 	C:\Windows\system32\profapi.dll

VM Arguments:
jvm_args: -Xmx1024M -Dfile.encoding=windows-1252 -Duser.country=US -Duser.language=en -Duser.variant 
java_command: com.android.dx.command.Main --dex --output C:\Users\neolptp\AndroidStudioProjects\SMS\app\build\intermediates\pre-dexed\debug\internal_impl-22.2.0-61b408fc5f9ddd416551de6f8c10cbb4d5e1ca03.jar C:\Users\neolptp\AndroidStudioProjects\SMS\app\build\intermediates\exploded-aar\com.android.support\support-v4\22.2.0\jars\libs\internal_impl-22.2.0.jar
java_class_path (initial): C:\Users\neolptp\Downloads\adt-bundle\sdk\build-tools\22.0.1\lib\dx.jar
Launcher Type: SUN_STANDARD

Environment Variables:
JAVA_HOME=C:\Program Files\Java\jdk1.8.0_05
PATH=C:\Program Files (x86)\NVIDIA Corporation\PhysX\Common;C:\Windows\system32;C:\Windows;C:\Windows\System32\Wbem;C:\Windows\System32\WindowsPowerShell\v1.0\;C:\Program Files\Intel\WiFi\bin\;C:\Program Files\Common Files\Intel\WirelessCommon\;C:\Program Files\Microsoft SQL Server\110\Tools\Binn\;C:\Program Files\nodejs\;C:\Program Files (x86)\Skype\Phone\;C:\Program Files\Intel\WiFi\bin\;C:\Program Files\Common Files\Intel\WirelessCommon\;C:\Users\neolptp\AppData\Roaming\npm
USERNAME=neolptp
OS=Windows_NT
PROCESSOR_IDENTIFIER=Intel64 Family 6 Model 42 Stepping 7, GenuineIntel



---------------  S Y S T E M  ---------------

OS: Windows 7 , 64 bit Build 7601 Service Pack 1

CPU:total 8 (4 cores per cpu, 2 threads per core) family 6 model 42 stepping 7, cmov, cx8, fxsr, mmx, sse, sse2, sse3, ssse3, sse4.1, sse4.2, popcnt, avx, aes, clmul, ht, tsc, tscinvbit

Memory: 4k page, physical 6196400k(502180k free), swap 8770544k(5244k free)

vm_info: Java HotSpot(TM) 64-Bit Server VM (25.5-b02) for windows-amd64 JRE (1.8.0_05-b13), built on Mar 18 2014 01:08:39 by "java_re" with MS VC++ 10.0 (VS2010)

time: Sat Jul 18 02:28:26 2015
elapsed time: 3 seconds

