JvmtiExport can_access_local_variables 0
JvmtiExport can_hotswap_or_post_breakpoint 0
JvmtiExport can_post_on_exceptions 0
# 504 ciObject found
ciMethod java/lang/Object <init> ()V 4097 1 1167341 0 0
ciMethod java/lang/Object getClass ()Ljava/lang/Class; 3073 1 384 0 -1
ciMethod java/lang/Object equals (Ljava/lang/Object;)Z 4097 1 5648 0 -1
ciMethod java/lang/String length ()I 3073 1 12493 0 -1
ciMethod java/lang/String charAt (I)C 4097 1 149094 0 112
ciMethod java/lang/String getChars (II[CI)V 2297 1 5517 0 -1
ciMethod java/lang/String equals (Ljava/lang/Object;)Z 2105 11473 1830 0 -1
ciMethod java/lang/String substring (I)Ljava/lang/String; 2049 1 10480 0 -1
ciMethod java/lang/System arraycopy (Ljava/lang/Object;ILjava/lang/Object;II)V 5121 1 640 0 -1
ciMethod java/lang/RuntimeException <init> (Ljava/lang/String;)V 0 0 3 0 -1
ciMethod java/util/Map get (Ljava/lang/Object;)Ljava/lang/Object; 0 0 1 0 -1
ciMethod java/util/Map put (Ljava/lang/Object;Ljava/lang/Object;)Ljava/lang/Object; 0 0 1 0 -1
ciMethod java/lang/AbstractStringBuilder ensureCapacityInternal (I)V 2409 1 14050 0 -1
ciMethod java/lang/AbstractStringBuilder expandCapacity (I)V 649 1 5523 0 -1
ciMethod java/lang/AbstractStringBuilder append (Ljava/lang/String;)Ljava/lang/AbstractStringBuilder; 1545 1 6337 0 -1
ciMethod java/lang/AbstractStringBuilder appendNull ()Ljava/lang/AbstractStringBuilder; 0 0 1 0 -1
ciMethod java/lang/StringBuilder <init> ()V 633 1 14939 0 -1
ciMethod java/lang/StringBuilder append (Ljava/lang/String;)Ljava/lang/StringBuilder; 1353 1 33729 0 -1
ciMethod java/lang/StringBuilder append (C)Ljava/lang/StringBuilder; 2257 1 6209 0 -1
ciMethod java/lang/StringBuilder toString ()Ljava/lang/String; 705 1 14962 0 -1
ciMethod java/lang/NullPointerException <init> (Ljava/lang/String;)V 0 0 1 0 -1
ciMethod java/lang/Math max (II)I 217 1 91950 0 -1
ciMethod java/util/Iterator hasNext ()Z 0 0 1 0 -1
ciMethod java/util/Iterator next ()Ljava/lang/Object; 0 0 1 0 -1
ciMethod java/util/ArrayList ensureCapacityInternal (I)V 641 1 318647 0 0
ciMethod java/util/ArrayList ensureExplicitCapacity (I)V 641 1 310510 0 560
ciMethod java/util/ArrayList grow (I)V 89 1 5149 0 528
ciMethod java/util/ArrayList hugeCapacity (I)I 0 0 1 0 0
ciMethod java/util/ArrayList size ()I 2217 1 277 0 0
ciMethod java/util/ArrayList elementData (I)Ljava/lang/Object; 1977 1 1013327 0 0
ciMethod java/util/ArrayList get (I)Ljava/lang/Object; 1977 1 982211 0 112
ciMethod java/util/ArrayList set (ILjava/lang/Object;)Ljava/lang/Object; 4097 1 1710 0 0
ciMethod java/util/ArrayList add (Ljava/lang/Object;)Z 641 1 304391 0 720
ciMethod java/util/ArrayList remove (I)Ljava/lang/Object; 3513 1 5559 0 -1
ciMethod java/util/ArrayList clear ()V 3401 8193 14859 0 0
ciMethod java/util/ArrayList rangeCheck (I)V 1977 1 1012821 0 80
ciMethod java/util/ArrayList iterator ()Ljava/util/Iterator; 2289 1 195557 0 176
ciMethod java/util/ArrayList access$100 (Ljava/util/ArrayList;)I 1561 1 195 0 0
ciMethod java/util/HashMap <init> ()V 129 1 85905 0 -1
ciMethod java/util/Arrays copyOf ([Ljava/lang/Object;I)[Ljava/lang/Object; 2225 1 11139 0 0
ciMethod java/util/Arrays copyOf ([Ljava/lang/Object;ILjava/lang/Class;)[Ljava/lang/Object; 2097 1 5382 0 -1
ciMethodData java/lang/Object <init> ()V 2 1167341 orig 144 152 11 168 86 0 0 0 0 136 4 187 5 0 0 0 0 168 0 0 0 0 0 0 0 0 0 0 0 0 0 0 0 0 0 0 0 0 0 0 0 0 0 0 0 0 0 0 0 0 0 0 0 0 0 0 0 0 0 0 0 0 0 0 0 1 0 0 0 0 0 0 0 1 0 0 0 0 0 0 0 1 0 0 0 0 0 0 0 0 0 0 0 0 0 0 0 0 2 0 0 105 111 142 0 1 0 0 0 0 0 0 0 0 0 0 0 0 0 3 0 3 0 0 0 0 0 0 0 255 255 255 255 0 0 0 0 0 0 0 0 0 0 0 0 data 0 oops 0
ciMethod java/lang/IllegalArgumentException <init> (Ljava/lang/String;)V 0 0 1 0 -1
ciMethodData java/lang/String charAt (I)C 2 149094 orig 144 152 11 168 86 0 0 0 0 56 61 187 5 0 0 0 0 0 1 0 0 32 0 0 0 0 0 0 0 0 0 0 0 0 0 0 0 0 0 0 0 0 0 0 0 0 0 0 0 0 0 0 0 0 0 0 0 0 0 0 0 0 0 0 0 0 0 0 0 0 0 0 0 0 0 0 0 0 0 0 0 0 0 0 0 0 0 0 0 0 0 0 0 0 0 0 0 0 2 0 0 49 35 18 0 1 0 0 0 0 0 0 0 0 0 0 0 0 0 8 0 4 0 1 0 80 0 0 0 255 255 255 255 0 0 0 0 7 0 1 0 0 0 0 0 data 10 0x10007 0x0 0x40 0x24466 0xa0007 0x24466 0x30 0x0 0x120002 0x0 oops 0
ciMethodData java/lang/String length ()I 2 12493 orig 144 152 11 168 86 0 0 0 0 232 59 187 5 0 0 0 0 168 0 0 0 0 0 0 0 0 0 0 0 0 0 0 0 0 0 0 0 0 0 0 0 0 0 0 0 0 0 0 0 0 0 0 0 0 0 0 0 0 0 0 0 0 0 0 0 1 0 0 0 0 0 0 0 0 0 0 0 0 0 0 0 1 0 0 0 0 0 0 0 0 0 0 0 0 0 0 0 128 1 0 0 105 122 1 0 1 0 0 0 0 0 0 0 0 0 0 0 0 0 3 0 3 0 0 0 0 0 0 0 255 255 255 255 0 0 0 0 0 0 0 0 0 0 0 0 data 0 oops 0
ciMethodData java/lang/AbstractStringBuilder ensureCapacityInternal (I)V 2 14050 orig 144 152 11 168 86 0 0 0 0 104 6 194 5 0 0 0 0 0 1 0 0 0 0 0 0 0 0 0 0 0 0 0 0 0 0 0 0 0 0 0 0 0 0 0 0 0 0 0 0 0 0 0 0 0 0 0 0 0 0 0 0 0 0 0 0 0 0 0 0 0 0 0 0 0 0 0 0 0 0 0 0 0 0 0 0 0 0 0 0 0 0 0 0 0 0 0 0 45 1 0 0 169 173 1 0 1 0 0 0 0 0 0 0 0 0 0 0 0 0 6 0 3 0 1 0 80 0 0 0 255 255 255 255 0 0 0 0 7 0 7 0 0 0 0 0 data 10 0x70007 0x2073 0x50 0x1542 0xc0005 0x0 0x7562390 0x1542 0x0 0x0 oops 1